2018-03-04 22:17:33,708 INFO  [org.jboss.modules] (main) JBoss Modules version 1.6.0.Final-redhat-1
2018-03-04 22:17:34,668 INFO  [org.jboss.msc] (main) JBoss MSC version 1.2.7.SP1-redhat-1
2018-03-04 22:17:34,929 WARN  [org.jboss.as.warn.fd-limit] (main) WFLYSRV0071: O sistema operacional tem um número limitado de arquivos abertos para 2048 para este processo;  um valor mínimo de 4096 é recomendado. 
2018-03-04 22:17:34,995 INFO  [org.jboss.as] (MSC service thread 1-1) WFLYSRV0049: Iniciando JBoss EAP 7.1.0.GA (WildFly Core 3.0.10.Final-redhat-1)
2018-03-04 22:17:34,997 DEBUG [org.jboss.as.config] (MSC service thread 1-1) Propriedades de sistema configurado:
	[Server:server-two] = 
	awt.toolkit = sun.awt.X11.XToolkit
	file.encoding = UTF-8
	file.encoding.pkg = sun.io
	file.separator = /
	java.awt.graphicsenv = sun.awt.X11GraphicsEnvironment
	java.awt.headless = true
	java.awt.printerjob = sun.print.PSPrinterJob
	java.class.path = /mnt/e/estudent/exame/jboss-modules.jar
	java.class.version = 52.0
	java.endorsed.dirs = /usr/lib/jvm/java-8-openjdk-amd64/jre/lib/endorsed
	java.ext.dirs = /usr/lib/jvm/java-8-openjdk-amd64/jre/lib/ext:/usr/java/packages/lib/ext
	java.home = /usr/lib/jvm/java-8-openjdk-amd64/jre
	java.io.tmpdir = /tmp
	java.library.path = /usr/java/packages/lib/amd64:/usr/lib/x86_64-linux-gnu/jni:/lib/x86_64-linux-gnu:/usr/lib/x86_64-linux-gnu:/usr/lib/jni:/lib:/usr/lib
	java.net.preferIPv4Stack = true
	java.runtime.name = OpenJDK Runtime Environment
	java.runtime.version = 1.8.0_151-8u151-b12-0ubuntu0.16.04.2-b12
	java.specification.name = Java Platform API Specification
	java.specification.vendor = Oracle Corporation
	java.specification.version = 1.8
	java.util.logging.manager = org.jboss.logmanager.LogManager
	java.vendor = Oracle Corporation
	java.vendor.url = http://java.oracle.com/
	java.vendor.url.bug = http://bugreport.sun.com/bugreport/
	java.version = 1.8.0_151
	java.vm.info = mixed mode
	java.vm.name = OpenJDK 64-Bit Server VM
	java.vm.specification.name = Java Virtual Machine Specification
	java.vm.specification.vendor = Oracle Corporation
	java.vm.specification.version = 1.8
	java.vm.vendor = Oracle Corporation
	java.vm.version = 25.151-b12
	javax.management.builder.initial = org.jboss.as.jmx.PluggableMBeanServerBuilder
	javax.xml.datatype.DatatypeFactory = __redirected.__DatatypeFactory
	javax.xml.parsers.DocumentBuilderFactory = __redirected.__DocumentBuilderFactory
	javax.xml.parsers.SAXParserFactory = __redirected.__SAXParserFactory
	javax.xml.stream.XMLEventFactory = __redirected.__XMLEventFactory
	javax.xml.stream.XMLInputFactory = __redirected.__XMLInputFactory
	javax.xml.stream.XMLOutputFactory = __redirected.__XMLOutputFactory
	javax.xml.transform.TransformerFactory = __redirected.__TransformerFactory
	javax.xml.validation.SchemaFactory:http://www.w3.org/2001/XMLSchema = __redirected.__SchemaFactory
	javax.xml.xpath.XPathFactory:http://java.sun.com/jaxp/xpath/dom = __redirected.__XPathFactory
	jboss.domain.base.dir = /mnt/e/estudent/exame/domain
	jboss.domain.config.dir = /mnt/e/estudent/exame/domain/configuration
	jboss.home.dir = /mnt/e/estudent/exame
	jboss.host.name = pesado
	jboss.modules.dir = /mnt/e/estudent/exame/modules
	jboss.modules.system.pkgs = org.jboss.byteman
	jboss.node.name = master:server-two
	jboss.qualified.host.name = pesado.localdomain
	jboss.server.base.dir = /mnt/e/estudent/exame/domain/servers/server-two
	jboss.server.config.dir = /mnt/e/estudent/exame/domain/servers/server-two/configuration
	jboss.server.data.dir = /mnt/e/estudent/exame/domain/servers/server-two/data
	jboss.server.deploy.dir = /mnt/e/estudent/exame/domain/servers/server-two/data/content
	jboss.server.log.dir = /mnt/e/estudent/exame/domain/servers/server-two/log
	jboss.server.name = server-two
	jboss.server.persist.config = true
	jboss.server.temp.dir = /mnt/e/estudent/exame/domain/servers/server-two/tmp
	line.separator = 

	logging.configuration = file:/mnt/e/estudent/exame/domain/configuration/default-server-logging.properties
	module.path = /mnt/e/estudent/exame/modules
	org.jboss.boot.log.file = /mnt/e/estudent/exame/domain/servers/server-two/log/server.log
	org.jboss.resolver.warning = true
	org.xml.sax.driver = __redirected.__XMLReaderFactory
	os.arch = amd64
	os.name = Linux
	os.version = 4.4.0-43-Microsoft
	path.separator = :
	sun.arch.data.model = 64
	sun.boot.class.path = /usr/lib/jvm/java-8-openjdk-amd64/jre/lib/resources.jar:/usr/lib/jvm/java-8-openjdk-amd64/jre/lib/rt.jar:/usr/lib/jvm/java-8-openjdk-amd64/jre/lib/sunrsasign.jar:/usr/lib/jvm/java-8-openjdk-amd64/jre/lib/jsse.jar:/usr/lib/jvm/java-8-openjdk-amd64/jre/lib/jce.jar:/usr/lib/jvm/java-8-openjdk-amd64/jre/lib/charsets.jar:/usr/lib/jvm/java-8-openjdk-amd64/jre/lib/jfr.jar:/usr/lib/jvm/java-8-openjdk-amd64/jre/classes
	sun.boot.library.path = /usr/lib/jvm/java-8-openjdk-amd64/jre/lib/amd64
	sun.cpu.endian = little
	sun.cpu.isalist = 
	sun.io.unicode.encoding = UnicodeLittle
	sun.java.command = /mnt/e/estudent/exame/jboss-modules.jar -mp /mnt/e/estudent/exame/modules org.jboss.as.server
	sun.java.launcher = SUN_STANDARD
	sun.jnu.encoding = UTF-8
	sun.management.compiler = HotSpot 64-Bit Tiered Compilers
	sun.os.patch.level = unknown
	user.country = BR
	user.dir = /mnt/e/estudent/exame
	user.home = /root
	user.language = pt
	user.name = root
	user.timezone = GMT
2018-03-04 22:17:35,055 DEBUG [org.jboss.as.config] (MSC service thread 1-1) Argumentos VM: -D[Server:server-two] -Xms1000m -Xmx1000m -XX:MetaspaceSize=96m -XX:MaxMetaspaceSize=256m -Djava.awt.headless=true -Djava.net.preferIPv4Stack=true -Djboss.home.dir=/mnt/e/estudent/exame -Djboss.modules.system.pkgs=org.jboss.byteman -Djboss.server.log.dir=/mnt/e/estudent/exame/domain/servers/server-two/log -Djboss.server.temp.dir=/mnt/e/estudent/exame/domain/servers/server-two/tmp -Djboss.server.data.dir=/mnt/e/estudent/exame/domain/servers/server-two/data -Dorg.jboss.boot.log.file=/mnt/e/estudent/exame/domain/servers/server-two/log/server.log -Dlogging.configuration=file:/mnt/e/estudent/exame/domain/configuration/default-server-logging.properties 
2018-03-04 22:17:35,235 INFO  [org.xnio] (MSC service thread 1-2) XNIO version 3.5.4.Final-redhat-1
2018-03-04 22:17:35,248 INFO  [org.xnio.nio] (MSC service thread 1-2) XNIO NIO Implementation Version 3.5.4.Final-redhat-1
2018-03-04 22:17:35,376 INFO  [org.jboss.remoting] (MSC service thread 1-2) JBoss Remoting version 5.0.5.Final-redhat-1
2018-03-04 22:17:36,874 INFO  [org.wildfly.security] (ServerService Thread Pool -- 2) ELY00001: WildFly Elytron version 1.1.7.Final-redhat-1
2018-03-04 22:17:41,408 INFO  [org.jboss.as.controller.management-deprecated] (ServerService Thread Pool -- 5) WFLYCTL0028: O atributo 'security-realm' no recurso no endereço '/subsystem=undertow/server=default-server/https-listener=https' está  preterido e pode ser removido em uma versão futura. Veja a descrição de atributo no resultado da operação  read-resource-description para aprender mais sobre a  depreciação.
2018-03-04 22:17:41,791 INFO  [org.jboss.as.security] (ServerService Thread Pool -- 40) WFLYSEC0002: Ativação do Subsistema de Segurança
2018-03-04 22:17:41,780 WARN  [org.jboss.as.txn] (ServerService Thread Pool -- 38) WFLYTX0013: O atributo node-identifier em /subsystem=transactions está definido com o valor padrão. Isso é perigoso para ambientes executando vários servidores. Certifique-se de que o valor do atributo é exclusivo.
2018-03-04 22:17:41,887 INFO  [org.jboss.as.jaxrs] (ServerService Thread Pool -- 55) WFLYRS0016: RESTEasy versão 3.0.24.Final-redhat-1
2018-03-04 22:17:41,923 INFO  [org.jboss.as.webservices] (ServerService Thread Pool -- 36) WFLYWS0002: Ativação da Extensão WebServices
2018-03-04 22:17:41,940 INFO  [org.jboss.as.naming] (ServerService Thread Pool -- 46) WFLYNAM0001: Ativação do Subsistema de Nomeação
2018-03-04 22:17:41,974 INFO  [org.jboss.as.clustering.infinispan] (ServerService Thread Pool -- 57) WFLYCLINF0001: Ativação do subsistema Infinispan.
2018-03-04 22:17:41,932 INFO  [org.jboss.as.security] (MSC service thread 1-2) WFLYSEC0001: Versão =5.0.2.Final-redhat-1 PicketBox Atual
2018-03-04 22:17:42,034 INFO  [org.jboss.as.jsf] (ServerService Thread Pool -- 50) WFLYJSF0007: As seguintes implantações JSF foram ativadas: [main]
2018-03-04 22:17:42,160 INFO  [org.wildfly.iiop.openjdk] (ServerService Thread Pool -- 56) WFLYIIOP0001: Ativação de subsistema IIOP 
2018-03-04 22:17:42,168 INFO  [org.wildfly.extension.io] (ServerService Thread Pool -- 58) WFLYIO001: O trabalhador 'default' auto configurou threads essenciais 2 com  threads de tarefas 16 baseado em seus 1  disponíveis processadores.  
2018-03-04 22:17:42,205 INFO  [org.wildfly.extension.undertow] (ServerService Thread Pool -- 37) WFLYUT0014: Criando manipulador de arquivo para caminho de acesso '/mnt/e/estudent/exame/welcome-content' com as opções [directory-listing: 'false', follow-symlink: 'false', case-sensitive: 'true', safe-symlink-paths: '[]']
2018-03-04 22:17:42,399 INFO  [org.wildfly.extension.undertow] (MSC service thread 1-2) WFLYUT0003: Iniciando 1.4.18.Final-redhat-2 Undertow
2018-03-04 22:17:42,427 INFO  [org.jboss.as.connector.subsystems.datasources] (ServerService Thread Pool -- 62) WFLYJCA0004: Implantação do driver compatível-JDBC class org.h2.Driver (versão 1.4)
2018-03-04 22:17:42,562 INFO  [org.jboss.as.connector] (MSC service thread 1-2) WFLYJCA0009: Inicialização JCA do Subsistema (WildFly/IronJacamar 1.4.6.Final-redhat-1)
2018-03-04 22:17:42,763 INFO  [org.jboss.as.naming] (MSC service thread 1-2) WFLYNAM0003: Iniciando o Serviço de Nomeação
2018-03-04 22:17:42,860 INFO  [org.jboss.as.ejb3] (MSC service thread 1-2) WFLYEJB0481: O pool estrito slsb-strict-max-pool está utilizando um tamanho de instância máximo de 16 (por classe) que é derivado do tamanho de pool do thead de trabalho. 
2018-03-04 22:17:42,861 INFO  [org.jboss.as.ejb3] (MSC service thread 1-2) WFLYEJB0482: O  pool estrito mdb-strict-max-pool está utilizando um tamanho de instância máximo de 16 (por classe) que é derivado do número de CPUs neste host. 
2018-03-04 22:17:42,862 INFO  [org.jboss.as.connector.deployers.jdbc] (MSC service thread 1-2) WFLYJCA0018: Serviço de driver iniciado com driver-name = h2
2018-03-04 22:17:42,868 INFO  [org.jboss.as.mail.extension] (MSC service thread 1-2) WFLYMAIL0001: Sessão de correio limitado [java:jboss/mail/Default]
2018-03-04 22:17:43,643 INFO  [org.jboss.as.patching] (MSC service thread 1-2) WFLYPAT0050: O ID de patch cumulativo de JBoss EAP é : base, os patches únicos incluem: none
2018-03-04 22:17:43,780 INFO  [org.wildfly.iiop.openjdk] (MSC service thread 1-1) WFLYIIOP0009: Serviço CORBA ORB  iniciado
2018-03-04 22:17:43,814 INFO  [org.wildfly.extension.undertow] (MSC service thread 1-1) WFLYUT0012: O servidor default-server foi iniciado. 
2018-03-04 22:17:43,946 INFO  [org.wildfly.extension.undertow] (MSC service thread 1-2) WFLYUT0006: Ouvinte  HTTP Undertow default escutando em  127.0.0.1:8230
2018-03-04 22:17:43,947 INFO  [org.wildfly.extension.undertow] (MSC service thread 1-1) WFLYUT0018: Iniciando host default-host
2018-03-04 22:17:43,949 WARN  [org.jboss.as.domain.management.security] (MSC service thread 1-2) WFLYDM0111: Keystore /mnt/e/estudent/exame/domain/configuration/application.keystore não encontrado, será gerado automaticamente na primeira utilização com um certificado auto-assinado para host localhost
2018-03-04 22:17:44,002 INFO  [org.jboss.as.ejb3] (MSC service thread 1-1) WFLYEJB0493: Suspensão do subsistema EJB concluída
2018-03-04 22:17:44,054 INFO  [org.wildfly.extension.messaging-activemq] (MSC service thread 1-2) WFLYMSGAMQ0075: O AIO não foi localizado nessa plataforma, reverterá para utilizar NIO do Java puro. Caso sua plataforma for Linux, instale LibAIO para ativar o diário AIO e obter desempenho otimizado. 
2018-03-04 22:17:44,170 INFO  [org.wildfly.extension.undertow] (MSC service thread 1-1) WFLYUT0006: Ouvinte  HTTPS Undertow https escutando em  127.0.0.1:8593
2018-03-04 22:17:44,509 INFO  [org.jboss.as.connector.subsystems.datasources] (MSC service thread 1-2) WFLYJCA0001: Limite da fonte de dados [java:jboss/datasources/ExampleDS]
2018-03-04 22:17:44,557 INFO  [org.jboss.ws.common.management] (MSC service thread 1-1) JBWS022052: Starting JBossWS 5.1.9.Final-redhat-1 (Apache CXF 3.1.12.redhat-1) 
2018-03-04 22:17:44,743 INFO  [org.apache.activemq.artemis.core.server] (ServerService Thread Pool -- 66) AMQ221000: live Message Broker is starting with configuration Broker Configuration (clustered=false,journalDirectory=/mnt/e/estudent/exame/domain/servers/server-two/data/activemq/journal,bindingsDirectory=/mnt/e/estudent/exame/domain/servers/server-two/data/activemq/bindings,largeMessagesDirectory=/mnt/e/estudent/exame/domain/servers/server-two/data/activemq/largemessages,pagingDirectory=/mnt/e/estudent/exame/domain/servers/server-two/data/activemq/paging)
2018-03-04 22:17:44,787 INFO  [org.apache.activemq.artemis.core.server] (ServerService Thread Pool -- 66) AMQ221013: Using NIO Journal
2018-03-04 22:17:44,932 INFO  [org.apache.activemq.artemis.core.server] (ServerService Thread Pool -- 66) AMQ221043: Protocol module found: [artemis-server]. Adding protocol support for: CORE
2018-03-04 22:17:44,935 INFO  [org.apache.activemq.artemis.core.server] (ServerService Thread Pool -- 66) AMQ221043: Protocol module found: [artemis-hornetq-protocol]. Adding protocol support for: HORNETQ
2018-03-04 22:17:48,953 INFO  [org.jboss.as.server] (Thread-2) WFLYSRV0220: Foi solicitado o desligamento do servidor através de um sinal de OS
2018-03-04 22:17:49,246 INFO  [org.jboss.as.connector.subsystems.datasources] (MSC service thread 1-1) WFLYJCA0010: Fonte de dados sem limite [java:jboss/datasources/ExampleDS]
2018-03-04 22:17:49,300 INFO  [org.wildfly.extension.undertow] (MSC service thread 1-1) WFLYUT0019: Interrompendo host default-host
2018-03-04 22:17:49,314 INFO  [org.wildfly.extension.undertow] (MSC service thread 1-1) WFLYUT0008: Ouvinte  HTTPS Undertow https está suspendendo
2018-03-04 22:17:49,327 INFO  [org.wildfly.extension.undertow] (MSC service thread 1-1) WFLYUT0007: Ouvinte HTTPS Undertow https interrompido, estava vinculado a  127.0.0.1:8593
2018-03-04 22:17:49,543 INFO  [org.jboss.as.connector.deployers.jdbc] (MSC service thread 1-1) WFLYJCA0019: Serviço de driver interrompido com driver-name = h2
2018-03-04 22:17:54,441 INFO  [org.apache.activemq.artemis.core.server] (ServerService Thread Pool -- 66) AMQ221007: Server is now live
2018-03-04 22:17:54,441 INFO  [org.apache.activemq.artemis.core.server] (ServerService Thread Pool -- 66) AMQ221001: Apache ActiveMQ Artemis Message Broker version 1.5.5.008-redhat-1 [default, nodeID=dcb3d238-1ff9-11e8-a56b-50b7c3c9d94c] 
2018-03-04 22:17:54,745 INFO  [org.apache.activemq.artemis.core.server] (ServerService Thread Pool -- 66) AMQ221002: Apache ActiveMQ Artemis Message Broker version 1.5.5.008-redhat-1 [dcb3d238-1ff9-11e8-a56b-50b7c3c9d94c] stopped, uptime 10.504 seconds
2018-03-04 22:17:54,753 INFO  [org.wildfly.extension.undertow] (MSC service thread 1-1) WFLYUT0008: Ouvinte  HTTP Undertow default está suspendendo
2018-03-04 22:17:54,754 INFO  [org.wildfly.extension.undertow] (MSC service thread 1-1) WFLYUT0007: Ouvinte HTTP Undertow default interrompido, estava vinculado a  127.0.0.1:8230
2018-03-04 22:17:54,760 INFO  [org.wildfly.extension.undertow] (MSC service thread 1-2) WFLYUT0004: Interrompendo 1.4.18.Final-redhat-2 Undertow
2018-03-04 22:17:54,984 WARN  [org.jboss.as.logging] (Controller Boot Thread) WFLYLOG0008: O serviço gerenciador do caminho não parece ter sido iniciado. Quaisquer alterações podem ser perdidas como resultado disto.
2018-03-04 22:17:55,137 INFO  [org.jboss.as] (MSC service thread 1-2) WFLYSRV0050: JBoss EAP 7.1.0.GA (WildFly Core 3.0.10.Final-redhat-1) interrompido em 6115ms
